<?xml version="1.0" encoding="UTF-8" ?>
<testsuite tests="17" failures="0" name="ie.gmit.softwareeng.assignment.FilmServiceTest" time="0.504" errors="0" skipped="0">
  <properties>
[...]
</properties>
  <testcase classname="ie.gmit.softwareeng.assignment.FilmServiceTest" name="getCorrectMovie1" time="0.483"/>
  <testcase classname="ie.gmit.softwareeng.assignment.FilmServiceTest" name="getCorrectMovie2" time="0"/>
  <testcase classname="ie.gmit.softwareeng.assignment.FilmServiceTest" name="getWrongMovie1" time="0.001"/>
  <testcase classname="ie.gmit.softwareeng.assignment.FilmServiceTest" name="getWrongMovie2" time="0.001"/>
  <testcase classname="ie.gmit.softwareeng.assignment.FilmServiceTest" name="getAverageRating" time="0.001"/>
  <testcase classname="ie.gmit.softwareeng.assignment.FilmServiceTest" name="returnMovieNotFound" time="0.005"/>
  <testcase classname="ie.gmit.softwareeng.assignment.FilmServiceTest" name="rentCorrectMovie" time="0.001"/>
  <testcase classname="ie.gmit.softwareeng.assignment.FilmServiceTest" name="rentMovieNotFound" time="0.001"/>
  <testcase classname="ie.gmit.softwareeng.assignment.FilmServiceTest" name="getFilmCatalog" time="0.001"/>
  <testcase classname="ie.gmit.softwareeng.assignment.FilmServiceTest" name="rentOutOfStock" time="0.001"/>
  <testcase classname="ie.gmit.softwareeng.assignment.FilmServiceTest" name="getAverageRatingWrong" time="0.002"/>
  <testcase classname="ie.gmit.softwareeng.assignment.FilmServiceTest" name="getAverageRatingZero" time="0.001"/>
  <testcase classname="ie.gmit.softwareeng.assignment.FilmServiceTest" name="catalog" time="0.001"/>
  <testcase classname="ie.gmit.softwareeng.assignment.FilmServiceTest" name="returnWrongMovie" time="0.001"/>
  <testcase classname="ie.gmit.softwareeng.assignment.FilmServiceTest" name="rentWrongMovie2" time="0.001"/>
  <testcase classname="ie.gmit.softwareeng.assignment.FilmServiceTest" name="returnCorrectMovie" time="0.002"/>
  <testcase classname="ie.gmit.softwareeng.assignment.FilmServiceTest" name="getMovieNotFound" time="0.001"/>
</testsuite>